<?xml version="1.0" encoding="UTF-8"?>
<testsuite xmlns:xsi="http://www.w3.org/2001/XMLSchema-instance" xsi:noNamespaceSchemaLocation="https://maven.apache.org/surefire/maven-surefire-plugin/xsd/surefire-test-report-3.0.xsd" version="3.0" name="Search users validate the posts and comments" time="18.128" tests="1" errors="0" skipped="0" failures="0">
  <properties>
[...]
</properties>
  <testcase name="Search users validate the posts and comments" classname="Search users validate the posts and comments" time="17.139">
    <system-out><![CDATA[[1, 2, 3, 4, 5, 6, 7, 8, 9, 10]
3
[21, 22, 23, 24, 25, 26, 27, 28, 29, 30]
Lura@rod.tv
Lottie.Zieme@ruben.us
Winona_Price@jevon.me
Gabriel@oceane.biz
Adolph.Ondricka@mozell.co.uk
Allen@richard.biz
Nicholaus@mikayla.ca
Kayla@susanna.org
Gideon@amina.name
Cassidy@maribel.io
Stefan.Crist@duane.ca
Aniyah.Ortiz@monte.me
Laverna@rico.biz
Derek@hildegard.net
Tyrell@abdullah.ca
Reyes@hailey.name
Danika.Dicki@mekhi.biz
Alessandra.Nitzsche@stephania.us
Matteo@marquis.net
Joshua.Spinka@toby.io
Annabelle@cole.com
Kacey@jamal.info
Mina@mallie.name
Hudson.Blick@ruben.biz
Domenic.Durgan@joaquin.name
Alexie@alayna.org
Haven_Barrows@brant.org
Marianne@maximo.us
Fanny@danial.com
Trevion_Kuphal@bernice.name
Emmet@guy.biz
Megane.Fritsch@claude.name
Amya@durward.ca
Jasen_Rempel@willis.org
Harmony@reggie.com
Rosanna_Kunze@guy.net
Ressie.Boehm@flossie.com
Domenic.Wuckert@jazmyne.us
Rhett.OKon@brian.info
Mathias@richmond.info
Ottis@lourdes.org
Estel@newton.ca
Bertha@erik.co.uk
Joesph@matteo.info
Alva@cassandre.net
Vivienne@willis.org
Angelita@aliza.me
Timmothy_Okuneva@alyce.tv
Moriah_Welch@richmond.org
Ramiro_Kuhn@harmon.biz
]]></system-out>
  </testcase>
</testsuite>